[38;5;6m [38;5;5m08:13:22.42 [0m
[38;5;6m [38;5;5m08:13:22.42 [0m[1mWelcome to the Bitnami spark container[0m
[38;5;6m [38;5;5m08:13:22.42 [0mSubscribe to project updates by watching [1mhttps://github.com/bitnami/bitnami-docker-spark[0m
[38;5;6m [38;5;5m08:13:22.42 [0mSubmit issues and feature requests at [1mhttps://github.com/bitnami/bitnami-docker-spark/issues[0m
[38;5;6m [38;5;5m08:13:22.43 [0m
[38;5;6m [38;5;5m08:13:22.43 [0m[38;5;2mINFO [0m ==> ** Starting Spark setup **
realpath: /bitnami/spark/conf: No such file or directory
[38;5;6m [38;5;5m08:13:22.51 [0m[38;5;2mINFO [0m ==> Generating Spark configuration file...
[38;5;6m [38;5;5m08:13:22.51 [0m[38;5;2mINFO [0m ==> ** Spark setup finished! **
[38;5;6m [38;5;5m08:13:22.57 [0m[38;5;2mINFO [0m ==> ** Starting Spark in master mode **
Spark Command: /opt/bitnami/java/bin/java -cp /opt/bitnami/spark/conf/:/opt/bitnami/spark/jars/* -Xmx1g org.apache.spark.deploy.master.Master --host 3fb5f9210e00 --port 7077 --webui-port 8080
========================================

starting org.apache.spark.deploy.master.Master, logging to /opt/bitnami/spark/logs/spark--org.apache.spark.deploy.master.Master-1-3fb5f9210e00.out
Using Spark's default log4j profile: org/apache/spark/log4j-defaults.properties
24/01/19 08:13:25 INFO Master: Started daemon with process name: 60@3fb5f9210e00
24/01/19 08:13:25 INFO SignalUtils: Registering signal handler for TERM
24/01/19 08:13:25 INFO SignalUtils: Registering signal handler for HUP
24/01/19 08:13:25 INFO SignalUtils: Registering signal handler for INT
24/01/19 08:13:26 WARN NativeCodeLoader: Unable to load native-hadoop library for your platform... using builtin-java classes where applicable
24/01/19 08:13:27 INFO SecurityManager: Changing view acls to: spark
24/01/19 08:13:27 INFO SecurityManager: Changing modify acls to: spark
24/01/19 08:13:27 INFO SecurityManager: Changing view acls groups to: 
24/01/19 08:13:27 INFO SecurityManager: Changing modify acls groups to: 
24/01/19 08:13:27 INFO SecurityManager: SecurityManager: authentication disabled; ui acls disabled; users  with view permissions: Set(spark); groups with view permissions: Set(); users  with modify permissions: Set(spark); groups with modify permissions: Set()
24/01/19 08:13:28 INFO Utils: Successfully started service 'sparkMaster' on port 7077.
24/01/19 08:13:28 INFO Master: Starting Spark master at spark://3fb5f9210e00:7077
24/01/19 08:13:28 INFO Master: Running Spark version 3.2.1
24/01/19 08:13:29 INFO Utils: Successfully started service 'MasterUI' on port 8080.
24/01/19 08:13:29 INFO MasterWebUI: Bound MasterWebUI to 0.0.0.0, and started at http://3fb5f9210e00:8080
24/01/19 08:13:30 INFO Master: I have been elected leader! New state: ALIVE
24/01/19 08:13:30 INFO Master: Registering worker 172.23.0.3:34047 with 1 cores, 1024.0 MiB RAM
